Start testing: May 06 18:51 Pacific Daylight Time
----------------------------------------------------------
1/1 Testing: HuffmanTest
1/1 Test: HuffmanTest
Command: "C:/Users/robin/Google Drive/SFU/Computing Science/Huffman/build/test/HuffmanTest.exe"
Directory: C:/Users/robin/Google Drive/SFU/Computing Science/Huffman/build/test
"HuffmanTest" start time: May 06 18:51 Pacific Daylight Time
Output:
----------------------------------------------------------
Running main() from ..\googletest\googletest\src\gtest_main.cc
[==========] Running 3 tests from 2 test suites.
[----------] Global test environment set-up.
[----------] 1 test from BitStreamTests
[ RUN      ] BitStreamTests.Square
[       OK ] BitStreamTests.Square (0 ms)
[----------] 1 test from BitStreamTests (0 ms total)

[----------] 2 tests from FrequencyCounterTest
[ RUN      ] FrequencyCounterTest.Constructor
a=a 5
b=b 5
[       OK ] FrequencyCounterTest.Constructor (0 ms)
[ RUN      ] FrequencyCounterTest.ReadFile
[       OK ] FrequencyCounterTest.ReadFile (0 ms)
[----------] 2 tests from FrequencyCounterTest (0 ms total)

[----------] Global test environment tear-down
[==========] 3 tests from 2 test suites ran. (0 ms total)
[  PASSED  ] 3 tests.
<end of output>
Test time =   0.01 sec
----------------------------------------------------------
Test Passed.
"HuffmanTest" end time: May 06 18:51 Pacific Daylight Time
"HuffmanTest" time elapsed: 00:00:00
----------------------------------------------------------

End testing: May 06 18:51 Pacific Daylight Time
