Start testing: May 06 02:38 Pacific Daylight Time
----------------------------------------------------------
1/1 Testing: BitStreamTests
1/1 Test: BitStreamTests
Command: "C:/Users/robin/Google Drive/SFU/Computing Science/Huffman/build/test/BitStreamTests.exe"
Directory: C:/Users/robin/Google Drive/SFU/Computing Science/Huffman/build/test
"BitStreamTests" start time: May 06 02:38 Pacific Daylight Time
Output:
----------------------------------------------------------
Running main() from ..\googletest\googletest\src\gtest_main.cc
[==========] Running 1 test from 1 test suite.
[----------] Global test environment set-up.
[----------] 1 test from BitStreamTests
[ RUN      ] BitStreamTests.Square
[       OK ] BitStreamTests.Square (2 ms)
[----------] 1 test from BitStreamTests (2 ms total)

[----------] Global test environment tear-down
[==========] 1 test from 1 test suite ran. (2 ms total)
[  PASSED  ] 1 test.
<end of output>
Test time =   0.04 sec
----------------------------------------------------------
Test Passed.
"BitStreamTests" end time: May 06 02:38 Pacific Daylight Time
"BitStreamTests" time elapsed: 00:00:00
----------------------------------------------------------

End testing: May 06 02:38 Pacific Daylight Time
