Start testing: May 15 17:30 Pacific Daylight Time
----------------------------------------------------------
1/1 Testing: HuffmanTest
1/1 Test: HuffmanTest
Command: "C:/Users/robin/Google Drive/SFU/Computing Science/Huffman/build/test/HuffmanTest.exe"
Directory: C:/Users/robin/Google Drive/SFU/Computing Science/Huffman/build/test
"HuffmanTest" start time: May 15 17:30 Pacific Daylight Time
Output:
----------------------------------------------------------
Running main() from ..\googletest\googletest\src\gtest_main.cc
[==========] Running 2 tests from 2 test suites.
[----------] Global test environment set-up.
[----------] 1 test from BitStreamTests
[ RUN      ] BitStreamTests.loadFile
[       OK ] BitStreamTests.loadFile (1 ms)
[----------] 1 test from BitStreamTests (1 ms total)

[----------] 1 test from FrequencyCounterTest
[ RUN      ] FrequencyCounterTest.countFrequency
[       OK ] FrequencyCounterTest.countFrequency (0 ms)
[----------] 1 test from FrequencyCounterTest (0 ms total)

[----------] Global test environment tear-down
[==========] 2 tests from 2 test suites ran. (1 ms total)
[  PASSED  ] 2 tests.
<end of output>
Test time =   0.03 sec
----------------------------------------------------------
Test Passed.
"HuffmanTest" end time: May 15 17:30 Pacific Daylight Time
"HuffmanTest" time elapsed: 00:00:00
----------------------------------------------------------

End testing: May 15 17:30 Pacific Daylight Time
