<?xml version="1.0" encoding="UTF-8"?>
<Site BuildName="(empty)"
	BuildStamp="20200516-0030-Experimental"
	Name="(empty)"
	Generator="ctest-3.17.2"
	CompilerName=""
	CompilerVersion=""
	OSName="Windows"
	Hostname="DESKTOP-3BQL144"
	OSRelease=" Professional"
	OSVersion=" (Build 18363)"
	OSPlatform="AMD64"
	Is64Bits="1"
	VendorString="GenuineIntel"
	VendorID="Intel Corporation"
	FamilyID="6"
	ModelID="14"
	ProcessorCacheSize="-1"
	NumberOfLogicalCPU="12"
	NumberOfPhysicalCPU="6"
	TotalVirtualMemory="37556"
	TotalPhysicalMemory="32692"
	LogicalProcessorsPerPhysical="2"
	ProcessorClockFrequency="4008"
	>
	<Testing>
		<StartDateTime>May 15 17:30 Pacific Daylight Time</StartDateTime>
		<StartTestTime>1589589045</StartTestTime>
		<TestList>
			<Test>./test/HuffmanTest</Test>
		</TestList>
		<Test Status="passed">
			<Name>HuffmanTest</Name>
			<Path>./test</Path>
			<FullName>./test/HuffmanTest</FullName>
			<FullCommandLine>"C:\Users\robin\Google Drive\SFU\Computing Science\Huffman\build\test\HuffmanTest.exe"</FullCommandLine>
			<Results>
				<NamedMeasurement type="numeric/double" name="Execution Time">
					<Value>0.0311791</Value>
				</NamedMeasurement>
				<NamedMeasurement type="numeric/double" name="Processors">
					<Value>1</Value>
				</NamedMeasurement>
				<NamedMeasurement type="text/string" name="Completion Status">
					<Value>Completed</Value>
				</NamedMeasurement>
				<NamedMeasurement type="text/string" name="Command Line">
					<Value>"C:\Users\robin\Google Drive\SFU\Computing Science\Huffman\build\test\HuffmanTest.exe"</Value>
				</NamedMeasurement>
				<Measurement>
					<Value encoding="base64" compression="gzip">eJyNkk1PwzAMhu/5FT62h0aMOwe+xmHSQC2cugqFzFSREgfyAeLf0yxTRacWzZc48vPaseM6EinqwQhFRQnvzhrgfNdb22sM6MNf1zu565P3mnAuJWuvRuugPua6hMT4nCxfwEc1nJy11WgdPGj7JnQGkL6Us2SQBhhDFT9O4FXmDklvVGiCQ2GeUyHWQv2yhYN1JzGurdivlcYByva4WYagWIHx5bmFMw7BBqFLtqxaO/yMSPLn1kYK6JJ4+ug5gsvkj5FpA2cIoLj4v5m5HFk039LSdwUUrtrbb5quw/IagBPEp8Mbmnu6bpr7uzSNo5KzX2oG1v8=</Value>
				</Measurement>
			</Results>
		</Test>
		<EndDateTime>May 15 17:30 Pacific Daylight Time</EndDateTime>
		<EndTestTime>1589589045</EndTestTime>
		<ElapsedMinutes>0</ElapsedMinutes>
	</Testing>
</Site>
