<?xml version="1.0" encoding="UTF-8"?>
<Site BuildName="(empty)"
	BuildStamp="20200506-0812-Experimental"
	Name="(empty)"
	Generator="ctest-3.17.2"
	CompilerName=""
	CompilerVersion=""
	OSName="Windows"
	Hostname="DESKTOP-3BQL144"
	OSRelease=" Professional"
	OSVersion=" (Build 18363)"
	OSPlatform="AMD64"
	Is64Bits="1"
	VendorString="GenuineIntel"
	VendorID="Intel Corporation"
	FamilyID="6"
	ModelID="14"
	ProcessorCacheSize="-1"
	NumberOfLogicalCPU="12"
	NumberOfPhysicalCPU="6"
	TotalVirtualMemory="37556"
	TotalPhysicalMemory="32692"
	LogicalProcessorsPerPhysical="2"
	ProcessorClockFrequency="4008"
	>
	<Testing>
		<StartDateTime>May 06 14:37 Pacific Daylight Time</StartDateTime>
		<StartTestTime>1588801044</StartTestTime>
		<TestList>
			<Test>./test/BitStreamTests</Test>
		</TestList>
		<Test Status="passed">
			<Name>BitStreamTests</Name>
			<Path>./test</Path>
			<FullName>./test/BitStreamTests</FullName>
			<FullCommandLine>"C:\Users\robin\Google Drive\SFU\Computing Science\Huffman\build\test\BitStreamTests.exe"</FullCommandLine>
			<Results>
				<NamedMeasurement type="numeric/double" name="Execution Time">
					<Value>0.0092742</Value>
				</NamedMeasurement>
				<NamedMeasurement type="numeric/double" name="Processors">
					<Value>1</Value>
				</NamedMeasurement>
				<NamedMeasurement type="text/string" name="Completion Status">
					<Value>Completed</Value>
				</NamedMeasurement>
				<NamedMeasurement type="text/string" name="Command Line">
					<Value>"C:\Users\robin\Google Drive\SFU\Computing Science\Huffman\build\test\BitStreamTests.exe"</Value>
				</NamedMeasurement>
				<Measurement>
					<Value encoding="base64" compression="gzip">eJyN0/lP1EAcBfB4a73vW8ebVak7M22nqE8RFFQUdAH9AYhZyrA02W2hB8p/77xdQ4Bo4vzwOpu+76ebZtqqsyzNOqLXTrOhhlgt8p7w/cVOnne6trJltXNbFslih7sfrPtJ4i1gey2J1h9LC3bKAab6P0RZp+7qewvD22tJTHbz5XZ3ULDZZlrkWc9mrmyr4Xp9T1kOen10LK1mq8K2e3N8kLcgWvPTor+W9tzzZzfqdmFdZbBmpv5VEUNN0Ssb//vQQV1UedXuNrzdU2rnC5go7EZts2RrPK+zyhac3v2P/9bwx/OsrIo6qfLC89AUTW8fpMv9UC4PQLs8iMDlIYQuDyNyeQTG5VHELo9hxKUHyeHjkJw+Acnxk5CcPwVJ4DQkhTOQJM5C0jgHSeQ8JJULUFQuQlG5BEXlMhSVK1BUrkJRuQZF5ToUlRtQVG5CUbkFTeU2NBUBTeUONJW70FTuQVO5D03lATSVh9BUHkFTGUJApYGAymMEVJ4goPIUAZVhBFR8BFSeIaDSREBFIqCiEFLRCKkECKmECKlECKkYhFRihFRGEFJ5jpDKC4RUXiKiAkRUXiGi8hoRlVFEVN4gojKGiMo4IipvEVF5h4jKBAyVSRgq72GofICh8hGGyhQMlU8wVD7DUJmGoTIDQ+ULYipfEVNpIaYyi5jKHGIq84ipfENM5Tti4/u+N7dmRcFjnq+Kyu37Rz6vq/W6Ej/bpbvXyzftiijTLLEidd/qr8TalXJQXnOja3l3hdOy6Y7C8lb/S/8NIbAMEw==</Value>
				</Measurement>
			</Results>
		</Test>
		<EndDateTime>May 06 14:37 Pacific Daylight Time</EndDateTime>
		<EndTestTime>1588801044</EndTestTime>
		<ElapsedMinutes>0</ElapsedMinutes>
	</Testing>
</Site>
