<?xml version="1.0" encoding="UTF-8"?>
<Site BuildName="(empty)"
	BuildStamp="20200506-0812-Experimental"
	Name="(empty)"
	Generator="ctest-3.17.2"
	CompilerName=""
	CompilerVersion=""
	OSName="Windows"
	Hostname="DESKTOP-3BQL144"
	OSRelease=" Professional"
	OSVersion=" (Build 18363)"
	OSPlatform="AMD64"
	Is64Bits="1"
	VendorString="GenuineIntel"
	VendorID="Intel Corporation"
	FamilyID="6"
	ModelID="14"
	ProcessorCacheSize="-1"
	NumberOfLogicalCPU="12"
	NumberOfPhysicalCPU="6"
	TotalVirtualMemory="37556"
	TotalPhysicalMemory="32692"
	LogicalProcessorsPerPhysical="2"
	ProcessorClockFrequency="4008"
	>
	<Testing>
		<StartDateTime>May 06 02:38 Pacific Daylight Time</StartDateTime>
		<StartTestTime>1588757923</StartTestTime>
		<TestList>
			<Test>./test/BitStreamTests</Test>
		</TestList>
		<Test Status="passed">
			<Name>BitStreamTests</Name>
			<Path>./test</Path>
			<FullName>./test/BitStreamTests</FullName>
			<FullCommandLine>"C:\Users\robin\Google Drive\SFU\Computing Science\Huffman\build\test\BitStreamTests.exe"</FullCommandLine>
			<Results>
				<NamedMeasurement type="numeric/double" name="Execution Time">
					<Value>0.0372816</Value>
				</NamedMeasurement>
				<NamedMeasurement type="numeric/double" name="Processors">
					<Value>1</Value>
				</NamedMeasurement>
				<NamedMeasurement type="text/string" name="Completion Status">
					<Value>Completed</Value>
				</NamedMeasurement>
				<NamedMeasurement type="text/string" name="Command Line">
					<Value>"C:\Users\robin\Google Drive\SFU\Computing Science\Huffman\build\test\BitStreamTests.exe"</Value>
				</NamedMeasurement>
				<Measurement>
					<Value encoding="base64" compression="gzip">eJyNkDELwjAQhff8ihvt0IDuDoriIKi0OtUisZ4l0Fw0uerftzVFrFDwTY+7j3e8S2oiTSUYpWkUwdVZA1IeS2vLChk9f1vvimPZulOLy6IQ2fSjHJIuawwtE7I672vNKEUWf5TDqrJnVYU90kM7SwapYZHj+vYDf2fONafsUJl9M/Iig+Swgbfyn51M77Vy2CBB2/UQAqMJGB/9ezTgwJZVFYn/ejEqF1/sk/pfG/oWOEWyf6epsZul6XLRNg2sFC8WRY5x====</Value>
				</Measurement>
			</Results>
		</Test>
		<EndDateTime>May 06 02:38 Pacific Daylight Time</EndDateTime>
		<EndTestTime>1588757923</EndTestTime>
		<ElapsedMinutes>0</ElapsedMinutes>
	</Testing>
</Site>
